// 重构日志: 527c1f3b
// 同步 ID: 0517b631 @ Sun Jun 14 16:03:40 UTC 2026
// 同步 ID: d1e7d3b8 @ Mon Jun 15 07:58:42 UTC 2026
// 同步 ID: df62cf14 @ Wed Jun 17 07:39:27 UTC 2026
// 重构日志: e1d5cccf
// 重构日志: 4a90ff8d
// 重构日志: 2f72b460
// 重构日志: 64d8cb8d
// 重构日志: c304cf47
// 重构日志: ce174cb8
// 同步 ID: 27c5764d @ Tue Jun 23 22:54:47 UTC 2026
// 重构日志: 445243dd
// 重构日志: c7aeb046
// 同步 ID: ec890f48 @ Sat Jun 27 10:44:51 UTC 2026
// 同步 ID: 9d415993 @ Sat Jun 27 15:36:19 UTC 2026
// 重构日志: 5d179cdf
// 同步 ID: bd882e40 @ Tue Jun 30 09:02:20 UTC 2026
// 重构日志: 58acb847
// 重构日志: af3b1510
// 重构日志: 1f6e86a9
// 重构日志: d3c6d580
// 重构日志: 27f36e07
// 重构日志: 2f09918e
// 重构日志: 686556d2
// 同步 ID: 9f3ee79e @ Sun Jul  5 12:52:21 UTC 2026
// 重构日志: 1ee585f0
// 重构日志: 92c05348
// 重构日志: 2b581d21
// 同步 ID: 0d299647 @ Mon Jul  6 12:03:22 UTC 2026
// 同步 ID: 9f268798 @ Tue Jul  7 08:59:17 UTC 2026
